TN:
SF:src\controllers\CatalogController.ts
FN:7,getAgents
FN:17,getSubscribers
FN:33,getGiros
FN:45,getPostalCode
FNF:4
FNH:4
FNDA:4,getAgents
FNDA:3,getSubscribers
FNDA:2,getGiros
FNDA:4,getPostalCode
DA:1,1
DA:2,1
DA:3,1
DA:4,1
DA:5,1
DA:6,1
DA:7,1
DA:8,4
DA:9,4
DA:10,4
DA:11,3
DA:12,4
DA:13,1
DA:14,1
DA:15,4
DA:16,1
DA:17,1
DA:18,3
DA:19,3
DA:20,3
DA:21,3
DA:22,3
DA:23,3
DA:24,3
DA:25,2
DA:26,3
DA:27,1
DA:28,1
DA:29,3
DA:30,1
DA:31,1
DA:32,1
DA:33,1
DA:34,2
DA:35,2
DA:36,2
DA:37,1
DA:38,1
DA:39,1
DA:40,1
DA:41,2
DA:42,1
DA:43,1
DA:44,1
DA:45,1
DA:46,4
DA:47,4
DA:48,4
DA:49,4
DA:50,4
DA:51,4
DA:52,4
DA:53,2
DA:54,2
DA:55,2
DA:56,2
DA:57,2
DA:58,2
DA:59,1
DA:60,4
DA:61,3
DA:62,3
DA:63,4
LF:63
LH:63
BRDA:7,0,0,4
BRDA:9,1,0,1
BRDA:9,2,0,3
BRDA:11,3,0,3
BRDA:12,4,0,1
BRDA:17,5,0,3
BRDA:23,6,0,1
BRDA:23,7,0,2
BRDA:25,8,0,2
BRDA:26,9,0,1
BRDA:33,10,0,2
BRDA:35,11,0,0
BRDA:37,12,0,1
BRDA:45,13,0,4
BRDA:52,14,0,3
BRDA:52,15,0,2
BRDA:59,16,0,1
BRDA:60,17,0,3
BRF:18
BRH:17
end_of_record
TN:
SF:src\controllers\LocationController.ts
FN:17,findQuoteRow
FN:27,findLocationRow
FN:38,rowToUbicacionResumen
FN:51,buildResumen
FN:62,postLayout
FN:159,getLocations
FN:192,putLocations
FN:326,patchLocation
FNF:8
FNH:8
FNDA:21,findQuoteRow
FNDA:11,findLocationRow
FNDA:4,rowToUbicacionResumen
FNDA:3,buildResumen
FNDA:5,postLayout
FNDA:3,getLocations
FNDA:5,putLocations
FNDA:7,patchLocation
DA:1,1
DA:2,1
DA:3,1
DA:4,1
DA:5,1
DA:6,1
DA:7,1
DA:8,1
DA:9,1
DA:10,1
DA:11,1
DA:12,1
DA:13,1
DA:14,1
DA:15,1
DA:16,1
DA:17,21
DA:18,21
DA:19,21
DA:20,21
DA:21,21
DA:22,21
DA:23,21
DA:24,18
DA:25,18
DA:26,1
DA:27,11
DA:28,11
DA:29,11
DA:30,11
DA:31,11
DA:32,11
DA:33,11
DA:34,11
DA:35,9
DA:36,9
DA:37,1
DA:38,4
DA:39,4
DA:40,4
DA:41,4
DA:42,4
DA:43,4
DA:44,4
DA:45,4
DA:46,4
DA:47,4
DA:48,4
DA:49,4
DA:50,1
DA:51,3
DA:52,3
DA:53,3
DA:54,3
DA:55,3
DA:56,3
DA:57,3
DA:58,3
DA:59,1
DA:60,1
DA:61,1
DA:62,1
DA:63,5
DA:64,5
DA:65,5
DA:66,5
DA:67,5
DA:68,5
DA:69,5
DA:70,5
DA:71,5
DA:72,5
DA:73,5
DA:74,5
DA:75,5
DA:76,5
DA:77,1
DA:78,1
DA:79,3
DA:80,3
DA:81,5
DA:82,5
DA:83,5
DA:84,3
DA:85,3
DA:86,3
DA:87,5
DA:88,2
DA:89,2
DA:90,4
DA:91,4
DA:92,4
DA:93,4
DA:94,4
DA:95,4
DA:96,4
DA:97,4
DA:98,4
DA:99,4
DA:100,4
DA:101,4
DA:102,4
DA:103,4
DA:104,4
DA:105,4
DA:106,4
DA:107,4
DA:108,5
DA:109,1
DA:110,1
DA:111,1
DA:112,1
DA:113,1
DA:114,1
DA:115,3
DA:116,3
DA:117,3
DA:118,3
DA:119,3
DA:120,3
DA:121,3
DA:122,3
DA:123,3
DA:124,3
DA:125,3
DA:126,3
DA:127,3
DA:128,3
DA:129,3
DA:130,3
DA:131,5
DA:132,1
DA:133,1
DA:134,1
DA:135,2
DA:136,2
DA:137,2
DA:138,2
DA:139,2
DA:140,2
DA:141,2
DA:142,2
DA:143,2
DA:144,2
DA:145,2
DA:146,2
DA:147,2
DA:148,5
DA:149,1
DA:150,1
DA:151,5
DA:152,3
DA:153,3
DA:154,5
DA:155,3
DA:156,3
DA:157,5
DA:158,1
DA:159,1
DA:160,3
DA:161,3
DA:162,3
DA:163,3
DA:164,3
DA:165,3
DA:166,3
DA:167,2
DA:168,2
DA:169,2
DA:170,2
DA:171,2
DA:172,2
DA:173,2
DA:174,2
DA:175,2
DA:176,2
DA:177,2
DA:178,2
DA:179,2
DA:180,2
DA:181,2
DA:182,2
DA:183,2
DA:184,2
DA:185,3
DA:186,1
DA:187,1
DA:188,3
DA:189,1
DA:190,1
DA:191,1
DA:192,1
DA:193,5
DA:194,5
DA:195,5
DA:196,5
DA:197,5
DA:198,5
DA:199,5
DA:200,5
DA:201,5
DA:202,5
DA:203,5
DA:204,5
DA:205,5
DA:206,1
DA:207,1
DA:208,4
DA:209,4
DA:210,4
DA:211,4
DA:212,4
DA:213,0
DA:214,0
DA:215,3
DA:216,3
DA:217,3
DA:218,3
DA:219,2
DA:220,2
DA:221,2
DA:222,2
DA:223,2
DA:224,2
DA:225,1
DA:226,1
DA:227,2
DA:228,4
DA:229,1
DA:230,1
DA:231,1
DA:232,1
DA:233,1
DA:234,1
DA:235,1
DA:236,1
DA:237,1
DA:238,1
DA:239,1
DA:240,1
DA:241,1
DA:242,1
DA:243,1
DA:244,1
DA:245,1
DA:246,1
DA:247,1
DA:248,1
DA:249,1
DA:250,1
DA:251,1
DA:252,1
DA:253,1
DA:254,1
DA:255,1
DA:256,1
DA:257,1
DA:258,1
DA:259,1
DA:260,1
DA:261,1
DA:262,1
DA:263,1
DA:264,1
DA:265,1
DA:266,1
DA:267,1
DA:268,1
DA:269,1
DA:270,1
DA:271,1
DA:272,1
DA:273,1
DA:274,1
DA:275,1
DA:276,1
DA:277,1
DA:278,1
DA:279,1
DA:280,1
DA:281,1
DA:282,5
DA:283,5
DA:284,5
DA:285,5
DA:286,5
DA:287,5
DA:288,5
DA:289,5
DA:290,5
DA:291,1
DA:292,1
DA:293,5
DA:294,0
DA:295,0
DA:296,5
DA:297,1
DA:298,1
DA:299,1
DA:300,1
DA:301,1
DA:302,1
DA:303,1
DA:304,1
DA:305,1
DA:306,1
DA:307,1
DA:308,1
DA:309,1
DA:310,1
DA:311,1
DA:312,1
DA:313,1
DA:314,1
DA:315,1
DA:316,1
DA:317,1
DA:318,1
DA:319,5
DA:320,4
DA:321,4
DA:322,5
DA:323,1
DA:324,1
DA:325,1
DA:326,1
DA:327,7
DA:328,7
DA:329,7
DA:330,7
DA:331,7
DA:332,7
DA:333,7
DA:334,7
DA:335,7
DA:336,7
DA:337,6
DA:338,5
DA:339,7
DA:340,1
DA:341,1
DA:342,4
DA:343,7
DA:344,3
DA:345,3
DA:346,3
DA:347,7
DA:348,2
DA:349,2
DA:350,3
DA:351,3
DA:352,3
DA:353,1
DA:354,1
DA:355,3
DA:356,2
DA:357,2
DA:358,2
DA:359,2
DA:360,7
DA:361,7
DA:362,7
DA:363,7
DA:364,7
DA:365,7
DA:366,7
DA:367,7
DA:368,7
DA:369,7
DA:370,7
DA:371,7
DA:372,7
DA:373,7
DA:374,7
DA:375,7
DA:376,7
DA:377,7
DA:378,7
DA:379,7
DA:380,7
DA:381,7
DA:382,7
DA:383,7
DA:384,7
DA:385,7
DA:386,7
DA:387,7
DA:388,7
DA:389,7
DA:390,7
DA:391,7
DA:392,7
DA:393,7
DA:394,2
DA:395,7
DA:396,1
DA:397,1
DA:398,1
DA:399,1
DA:400,1
DA:401,7
DA:402,6
DA:403,6
DA:404,7
LF:404
LH:400
BRDA:17,0,0,21
BRDA:23,1,0,3
BRDA:24,2,0,18
BRDA:27,3,0,11
BRDA:34,4,0,2
BRDA:35,5,0,9
BRDA:38,6,0,4
BRDA:45,7,0,0
BRDA:46,8,0,0
BRDA:51,9,0,3
BRDA:56,10,0,3
BRDA:62,11,0,5
BRDA:76,12,0,4
BRDA:76,13,0,1
BRDA:79,14,0,3
BRDA:81,15,0,1
BRDA:81,16,0,2
BRDA:84,17,0,3
BRDA:87,18,0,2
BRDA:89,19,0,4
BRDA:108,20,0,1
BRDA:115,21,0,3
BRDA:131,22,0,1
BRDA:135,23,0,2
BRDA:148,24,0,1
BRDA:151,25,0,2
BRDA:151,26,0,3
BRDA:154,27,0,3
BRDA:159,28,0,3
BRDA:166,29,0,2
BRDA:185,30,0,1
BRDA:175,31,0,2
BRDA:192,32,0,5
BRDA:205,33,0,1
BRDA:208,34,0,4
BRDA:212,35,0,3
BRDA:212,36,0,0
BRDA:215,37,0,3
BRDA:217,38,0,1
BRDA:219,39,0,2
BRDA:224,40,0,1
BRDA:229,41,0,1
BRDA:239,42,0,0
BRDA:244,43,0,0
BRDA:245,44,0,0
BRDA:249,45,0,0
BRDA:282,46,0,0
BRDA:283,47,0,1
BRDA:291,48,0,1
BRDA:293,49,0,0
BRDA:296,50,0,1
BRDA:319,51,0,4
BRDA:306,52,0,1
BRDA:326,53,0,7
BRDA:337,54,0,6
BRDA:338,55,0,5
BRDA:339,56,0,1
BRDA:342,57,0,4
BRDA:343,58,0,3
BRDA:345,59,0,1
BRDA:347,60,0,2
BRDA:350,61,0,3
BRDA:352,62,0,1
BRDA:356,63,0,2
BRDA:360,64,0,0
BRDA:361,65,0,2
BRDA:364,66,0,2
BRDA:365,67,0,0
BRDA:366,68,0,2
BRDA:366,69,0,0
BRDA:369,70,0,2
BRDA:370,71,0,0
BRDA:394,72,0,2
BRDA:395,73,0,1
BRDA:401,74,0,6
BRF:75
BRH:62
end_of_record
TN:
SF:src\controllers\QuoteController.ts
FN:30,mapRow
FN:52,isPopulatedObject
FN:64,findQuote
FN:76,getLocationsSummary
FN:101,createQuote
FN:150,getQuote
FN:165,patchGeneralData
FN:250,getCoverageOptions
FN:266,putCoverageOptions
FN:338,calculatePremium
FNF:10
FNH:10
FNDA:18,mapRow
FNDA:54,isPopulatedObject
FNDA:22,findQuote
FNDA:4,getLocationsSummary
FNDA:3,createQuote
FNDA:2,getQuote
FNDA:7,patchGeneralData
FNDA:3,getCoverageOptions
FNDA:4,putCoverageOptions
FNDA:6,calculatePremium
DA:1,1
DA:2,1
DA:3,1
DA:4,1
DA:5,1
DA:6,1
DA:7,1
DA:8,1
DA:9,1
DA:10,1
DA:11,1
DA:12,1
DA:13,1
DA:14,1
DA:15,1
DA:16,1
DA:17,1
DA:18,1
DA:19,1
DA:20,1
DA:21,1
DA:22,1
DA:23,1
DA:24,1
DA:25,1
DA:26,1
DA:27,1
DA:28,1
DA:29,1
DA:30,18
DA:31,18
DA:32,18
DA:33,18
DA:34,18
DA:35,18
DA:36,18
DA:37,18
DA:38,18
DA:39,18
DA:40,18
DA:41,18
DA:42,18
DA:43,18
DA:44,18
DA:45,18
DA:46,18
DA:47,18
DA:48,18
DA:49,18
DA:50,18
DA:51,1
DA:52,54
DA:53,54
DA:54,54
DA:55,54
DA:56,54
DA:57,54
DA:58,0
DA:59,54
DA:60,54
DA:61,1
DA:62,1
DA:63,1
DA:64,22
DA:65,22
DA:66,22
DA:67,22
DA:68,22
DA:69,22
DA:70,22
DA:71,22
DA:72,22
DA:73,18
DA:74,18
DA:75,1
DA:76,4
DA:77,4
DA:78,4
DA:79,4
DA:80,4
DA:81,4
DA:82,4
DA:83,4
DA:84,4
DA:85,4
DA:86,4
DA:87,4
DA:88,4
DA:89,4
DA:90,4
DA:91,4
DA:92,4
DA:93,4
DA:94,4
DA:95,4
DA:96,4
DA:97,4
DA:98,1
DA:99,1
DA:100,1
DA:101,1
DA:102,3
DA:103,3
DA:104,2
DA:105,2
DA:106,2
DA:107,2
DA:108,2
DA:109,2
DA:110,2
DA:111,3
DA:112,1
DA:113,1
DA:114,1
DA:115,1
DA:116,1
DA:117,1
DA:118,1
DA:119,1
DA:120,1
DA:121,1
DA:122,1
DA:123,1
DA:124,1
DA:125,1
DA:126,1
DA:127,1
DA:128,1
DA:129,1
DA:130,1
DA:131,1
DA:132,1
DA:133,1
DA:134,1
DA:135,1
DA:136,1
DA:137,1
DA:138,1
DA:139,1
DA:140,1
DA:141,1
DA:142,1
DA:143,1
DA:144,1
DA:145,1
DA:146,3
DA:147,1
DA:148,1
DA:149,1
DA:150,1
DA:151,2
DA:152,2
DA:153,2
DA:154,2
DA:155,2
DA:156,2
DA:157,1
DA:158,1
DA:159,1
DA:160,1
DA:161,2
DA:162,1
DA:163,1
DA:164,1
DA:165,1
DA:166,7
DA:167,7
DA:168,7
DA:169,7
DA:170,7
DA:171,7
DA:172,7
DA:173,7
DA:174,7
DA:175,6
DA:176,7
DA:177,1
DA:178,1
DA:179,5
DA:180,5
DA:181,5
DA:182,5
DA:183,5
DA:184,1
DA:185,1
DA:186,1
DA:187,1
DA:188,1
DA:189,5
DA:190,7
DA:191,3
DA:192,3
DA:193,1
DA:194,1
DA:195,1
DA:196,1
DA:197,1
DA:198,3
DA:199,7
DA:200,2
DA:201,2
DA:202,1
DA:203,1
DA:204,1
DA:205,1
DA:206,1
DA:207,2
DA:208,2
DA:209,2
DA:210,7
DA:211,7
DA:212,7
DA:213,7
DA:214,7
DA:215,7
DA:216,7
DA:217,7
DA:218,7
DA:219,7
DA:220,7
DA:221,7
DA:222,7
DA:223,7
DA:224,7
DA:225,7
DA:226,7
DA:227,7
DA:228,2
DA:229,7
DA:230,1
DA:231,1
DA:232,1
DA:233,1
DA:234,1
DA:235,1
DA:236,1
DA:237,1
DA:238,1
DA:239,1
DA:240,1
DA:241,1
DA:242,1
DA:243,7
DA:244,6
DA:245,6
DA:246,7
DA:247,1
DA:248,1
DA:249,1
DA:250,1
DA:251,3
DA:252,3
DA:253,3
DA:254,3
DA:255,3
DA:256,3
DA:257,3
DA:258,3
DA:259,3
DA:260,1
DA:261,1
DA:262,3
DA:263,1
DA:264,1
DA:265,1
DA:266,1
DA:267,4
DA:268,4
DA:269,4
DA:270,4
DA:271,4
DA:272,4
DA:273,4
DA:274,4
DA:275,4
DA:276,4
DA:277,4
DA:278,4
DA:279,4
DA:280,1
DA:281,1
DA:282,3
DA:283,3
DA:284,3
DA:285,3
DA:286,4
DA:287,4
DA:288,4
DA:289,4
DA:290,4
DA:291,4
DA:292,1
DA:293,1
DA:294,3
DA:295,3
DA:296,4
DA:297,4
DA:298,4
DA:299,4
DA:300,4
DA:301,4
DA:302,4
DA:303,4
DA:304,4
DA:305,4
DA:306,4
DA:307,4
DA:308,4
DA:309,4
DA:310,4
DA:311,4
DA:312,4
DA:313,4
DA:314,4
DA:315,4
DA:316,2
DA:317,4
DA:318,1
DA:319,1
DA:320,1
DA:321,1
DA:322,1
DA:323,1
DA:324,1
DA:325,1
DA:326,1
DA:327,1
DA:328,1
DA:329,1
DA:330,1
DA:331,4
DA:332,3
DA:333,3
DA:334,4
DA:335,1
DA:336,1
DA:337,1
DA:338,1
DA:339,6
DA:340,6
DA:341,6
DA:342,6
DA:343,6
DA:344,6
DA:345,6
DA:346,6
DA:347,6
DA:348,6
DA:349,1
DA:350,1
DA:351,4
DA:352,4
DA:353,4
DA:354,4
DA:355,6
DA:356,1
DA:357,1
DA:358,3
DA:359,6
DA:360,6
DA:361,6
DA:362,2
DA:363,2
DA:364,2
DA:365,2
DA:366,2
DA:367,2
DA:368,2
DA:369,2
DA:370,2
DA:371,2
DA:372,2
DA:373,2
DA:374,2
DA:375,2
DA:376,6
DA:377,1
DA:378,1
DA:379,1
DA:380,1
DA:381,1
DA:382,1
DA:383,1
DA:384,1
DA:385,1
DA:386,1
DA:387,1
DA:388,1
DA:389,1
DA:390,1
DA:391,1
DA:392,1
DA:393,6
DA:394,5
DA:395,5
DA:396,6
LF:396
LH:395
BRDA:30,0,0,18
BRDA:35,1,0,0
BRDA:38,2,0,0
BRDA:41,3,0,4
BRDA:42,4,0,14
BRDA:44,5,0,0
BRDA:52,6,0,54
BRDA:54,7,0,0
BRDA:55,8,0,0
BRDA:56,9,0,0
BRDA:57,10,0,0
BRDA:64,11,0,22
BRDA:72,12,0,4
BRDA:73,13,0,18
BRDA:76,14,0,4
BRDA:85,15,0,4
BRDA:91,16,0,0
BRDA:92,17,0,0
BRDA:95,18,0,4
BRDA:101,19,0,3
BRDA:104,20,0,2
BRDA:111,21,0,1
BRDA:150,22,0,2
BRDA:157,23,0,1
BRDA:165,24,0,7
BRDA:175,25,0,6
BRDA:176,26,0,1
BRDA:179,27,0,5
BRDA:183,28,0,1
BRDA:190,29,0,4
BRDA:190,30,0,3
BRDA:192,31,0,1
BRDA:199,32,0,2
BRDA:201,33,0,1
BRDA:215,34,0,1
BRDA:216,35,0,1
BRDA:228,36,0,2
BRDA:229,37,0,1
BRDA:243,38,0,6
BRDA:250,39,0,3
BRDA:257,40,0,2
BRDA:257,41,0,1
BRDA:259,42,0,1
BRDA:266,43,0,4
BRDA:279,44,0,1
BRDA:282,45,0,3
BRDA:316,46,0,2
BRDA:317,47,0,1
BRDA:331,48,0,3
BRDA:284,49,0,9
BRDA:286,50,0,9
BRDA:289,51,0,4
BRDA:290,52,0,0
BRDA:291,53,0,3
BRDA:291,54,0,1
BRDA:294,55,0,3
BRDA:296,56,0,0
BRDA:298,57,0,3
BRDA:298,58,0,0
BRDA:338,59,0,6
BRDA:348,60,0,5
BRDA:348,61,0,1
BRDA:351,62,0,4
BRDA:355,63,0,1
BRDA:358,64,0,3
BRDA:359,65,0,0
BRDA:361,66,0,1
BRDA:362,67,0,2
BRDA:376,68,0,1
BRDA:393,69,0,5
BRDA:354,70,0,4
BRDA:356,71,0,1
BRDA:360,72,0,3
BRF:73
BRH:60
end_of_record
TN:
SF:src\middlewares\validateRequest.ts
FN:5,requireFields
FN:16,validateGeneralData
FN:73,validateLayout
FN:103,validateGarantias
FNF:4
FNH:4
FNDA:5,requireFields
FNDA:13,validateGeneralData
FNDA:9,validateLayout
FNDA:14,validateGarantias
DA:1,1
DA:2,1
DA:3,1
DA:4,1
DA:5,5
DA:6,5
DA:7,5
DA:8,7
DA:9,3
DA:10,3
DA:11,7
DA:12,2
DA:13,5
DA:14,5
DA:15,1
DA:16,13
DA:17,13
DA:18,13
DA:19,13
DA:20,2
DA:21,1
DA:22,1
DA:23,1
DA:24,1
DA:25,1
DA:26,1
DA:27,1
DA:28,2
DA:29,12
DA:30,13
DA:31,6
DA:32,1
DA:33,1
DA:34,1
DA:35,1
DA:36,1
DA:37,1
DA:38,6
DA:39,1
DA:40,1
DA:41,1
DA:42,1
DA:43,1
DA:44,1
DA:45,1
DA:46,6
DA:47,10
DA:48,13
DA:49,5
DA:50,1
DA:51,1
DA:52,1
DA:53,1
DA:54,1
DA:55,1
DA:56,4
DA:57,4
DA:58,5
DA:59,3
DA:60,5
DA:61,2
DA:62,2
DA:63,2
DA:64,2
DA:65,2
DA:66,2
DA:67,2
DA:68,5
DA:69,7
DA:70,7
DA:71,7
DA:72,1
DA:73,9
DA:74,9
DA:75,9
DA:76,9
DA:77,2
DA:78,2
DA:79,2
DA:80,2
DA:81,2
DA:82,2
DA:83,9
DA:84,2
DA:85,2
DA:86,2
DA:87,2
DA:88,2
DA:89,2
DA:90,2
DA:91,9
DA:92,1
DA:93,1
DA:94,1
DA:95,1
DA:96,1
DA:97,1
DA:98,1
DA:99,4
DA:100,4
DA:101,4
DA:102,1
DA:103,14
DA:104,14
DA:105,11
DA:106,11
DA:107,4
DA:108,4
DA:109,11
DA:110,7
DA:111,7
LF:111
LH:111
BRDA:5,0,0,5
BRDA:6,1,0,5
BRDA:7,2,0,7
BRDA:8,3,0,5
BRDA:8,4,0,3
BRDA:12,5,0,2
BRDA:16,6,0,13
BRDA:19,7,0,3
BRDA:19,8,0,2
BRDA:20,9,0,1
BRDA:29,10,0,12
BRDA:30,11,0,7
BRDA:30,12,0,6
BRDA:31,13,0,1
BRDA:38,14,0,5
BRDA:38,15,0,1
BRDA:47,16,0,10
BRDA:48,17,0,5
BRDA:48,18,0,5
BRDA:49,19,0,1
BRDA:56,20,0,4
BRDA:57,21,0,3
BRDA:58,22,0,3
BRDA:60,23,0,2
BRDA:69,24,0,7
BRDA:73,25,0,9
BRDA:76,26,0,8
BRDA:76,27,0,2
BRDA:83,28,0,7
BRDA:83,29,0,6
BRDA:83,30,0,2
BRDA:91,31,0,5
BRDA:91,32,0,3
BRDA:91,33,0,1
BRDA:99,34,0,4
BRDA:103,35,0,14
BRDA:104,36,0,3
BRDA:105,37,0,11
BRDA:106,38,0,4
BRDA:110,39,0,7
BRF:40
BRH:40
end_of_record
TN:
SF:src\models\Coverage.ts
FNF:0
FNH:0
DA:1,1
DA:2,1
DA:3,1
DA:4,1
DA:5,1
DA:6,1
DA:7,1
DA:8,1
DA:9,1
DA:10,1
DA:11,1
DA:12,1
DA:13,1
DA:14,1
DA:15,1
DA:16,1
DA:17,1
DA:18,1
DA:19,1
DA:20,1
DA:21,1
DA:22,1
DA:23,1
DA:24,1
DA:25,1
DA:26,1
DA:27,1
LF:27
LH:27
BRF:0
BRH:0
end_of_record
TN:
SF:src\models\Location.ts
FN:28,computeValidation
FNF:1
FNH:1
FNDA:11,computeValidation
DA:1,1
DA:2,1
DA:3,1
DA:4,1
DA:5,1
DA:6,1
DA:7,1
DA:8,1
DA:9,1
DA:10,1
DA:11,1
DA:12,1
DA:13,1
DA:14,1
DA:15,1
DA:16,1
DA:17,1
DA:18,1
DA:19,1
DA:20,1
DA:21,1
DA:22,1
DA:23,1
DA:24,1
DA:25,1
DA:26,1
DA:27,1
DA:28,11
DA:29,11
DA:30,11
DA:31,11
DA:32,11
DA:33,11
DA:34,11
DA:35,11
DA:36,2
DA:37,2
DA:38,11
DA:39,2
DA:40,2
DA:41,11
DA:42,11
DA:43,4
DA:44,4
DA:45,11
DA:46,11
DA:47,11
DA:48,11
DA:49,11
DA:50,11
LF:50
LH:50
BRDA:28,0,0,11
BRDA:35,1,0,2
BRDA:38,2,0,2
BRDA:41,3,0,1
BRDA:42,4,0,4
BRDA:47,5,0,5
BRDA:47,6,0,6
BRDA:41,7,0,9
BRF:8
BRH:8
end_of_record
TN:
SF:src\models\Quote.ts
FN:67,maxEstado
FNF:1
FNH:1
FNDA:3,maxEstado
DA:1,1
DA:2,1
DA:3,1
DA:4,1
DA:5,1
DA:6,1
DA:7,1
DA:8,1
DA:9,1
DA:10,1
DA:11,1
DA:12,1
DA:13,1
DA:14,1
DA:15,1
DA:16,1
DA:17,1
DA:18,1
DA:19,1
DA:20,1
DA:21,1
DA:22,1
DA:23,1
DA:24,1
DA:25,1
DA:26,1
DA:27,1
DA:28,1
DA:29,1
DA:30,1
DA:31,1
DA:32,1
DA:33,1
DA:34,1
DA:35,1
DA:36,1
DA:37,1
DA:38,1
DA:39,1
DA:40,1
DA:41,1
DA:42,1
DA:43,1
DA:44,1
DA:45,1
DA:46,1
DA:47,1
DA:48,1
DA:49,1
DA:50,1
DA:51,1
DA:52,1
DA:53,1
DA:54,1
DA:55,1
DA:56,1
DA:57,1
DA:58,1
DA:59,1
DA:60,1
DA:61,1
DA:62,1
DA:63,1
DA:64,1
DA:65,1
DA:66,1
DA:67,3
DA:68,3
DA:69,3
LF:69
LH:69
BRDA:67,0,0,3
BRDA:68,1,0,2
BRDA:68,2,0,1
BRF:3
BRH:3
end_of_record
TN:
SF:src\services\ExternalCoreService.ts
FN:30,getAgents
FN:48,getSubscribers
FN:66,getGiros
FN:84,validatePostalCode
FN:104,agentExists
FN:116,subscriberExists
FN:128,giroExists
FN:140,generateFolio
FNF:8
FNH:8
FNDA:5,getAgents
FNDA:3,getSubscribers
FNDA:3,getGiros
FNDA:3,validatePostalCode
FNDA:3,agentExists
FNDA:3,subscriberExists
FNDA:3,giroExists
FNDA:3,generateFolio
DA:1,1
DA:2,1
DA:3,1
DA:4,1
DA:5,1
DA:6,1
DA:7,1
DA:8,1
DA:9,1
DA:10,1
DA:11,1
DA:12,1
DA:13,1
DA:14,1
DA:15,1
DA:16,1
DA:17,1
DA:18,1
DA:19,1
DA:20,1
DA:21,1
DA:22,1
DA:23,1
DA:24,1
DA:25,1
DA:26,1
DA:27,1
DA:28,1
DA:29,1
DA:30,1
DA:31,5
DA:32,5
DA:33,5
DA:34,5
DA:35,1
DA:36,1
DA:37,1
DA:38,5
DA:39,5
DA:40,5
DA:41,5
DA:42,5
DA:43,5
DA:44,1
DA:45,1
DA:46,5
DA:47,1
DA:48,1
DA:49,3
DA:50,3
DA:51,3
DA:52,3
DA:53,1
DA:54,1
DA:55,1
DA:56,3
DA:57,3
DA:58,3
DA:59,3
DA:60,3
DA:61,3
DA:62,1
DA:63,1
DA:64,3
DA:65,1
DA:66,1
DA:67,3
DA:68,3
DA:69,3
DA:70,3
DA:71,1
DA:72,1
DA:73,1
DA:74,3
DA:75,3
DA:76,3
DA:77,3
DA:78,3
DA:79,3
DA:80,1
DA:81,1
DA:82,3
DA:83,1
DA:84,1
DA:85,3
DA:86,3
DA:87,3
DA:88,3
DA:89,3
DA:90,3
DA:91,3
DA:92,3
DA:93,1
DA:94,1
DA:95,1
DA:96,1
DA:97,1
DA:98,3
DA:99,2
DA:100,1
DA:101,1
DA:102,3
DA:103,1
DA:104,1
DA:105,3
DA:106,3
DA:107,3
DA:108,3
DA:109,3
DA:110,2
DA:111,3
DA:112,1
DA:113,1
DA:114,3
DA:115,1
DA:116,1
DA:117,3
DA:118,3
DA:119,3
DA:120,3
DA:121,3
DA:122,2
DA:123,3
DA:124,1
DA:125,1
DA:126,3
DA:127,1
DA:128,1
DA:129,3
DA:130,3
DA:131,3
DA:132,3
DA:133,3
DA:134,2
DA:135,3
DA:136,1
DA:137,1
DA:138,3
DA:139,1
DA:140,1
DA:141,3
DA:142,3
DA:143,2
DA:144,2
DA:145,2
DA:146,3
DA:147,1
DA:148,1
DA:149,3
DA:150,1
LF:150
LH:150
BRDA:30,0,0,5
BRDA:34,1,0,1
BRDA:42,2,0,4
BRDA:42,3,0,0
BRDA:43,4,0,1
BRDA:48,5,0,3
BRDA:52,6,0,1
BRDA:60,7,0,2
BRDA:60,8,0,0
BRDA:61,9,0,1
BRDA:66,10,0,3
BRDA:70,11,0,1
BRDA:78,12,0,2
BRDA:78,13,0,0
BRDA:79,14,0,1
BRDA:84,15,0,3
BRDA:92,16,0,2
BRDA:92,17,0,1
BRDA:98,18,0,2
BRDA:99,19,0,1
BRDA:104,20,0,3
BRDA:110,21,0,2
BRDA:111,22,0,1
BRDA:116,23,0,3
BRDA:122,24,0,2
BRDA:123,25,0,1
BRDA:128,26,0,3
BRDA:134,27,0,2
BRDA:135,28,0,1
BRDA:140,29,0,3
BRDA:143,30,0,2
BRDA:146,31,0,1
BRF:32
BRH:29
end_of_record
TN:
SF:src\services\PremiumService.ts
FN:9,calculate
FN:43,buildDesglose
FN:76,getIncendioRate
FN:96,round
FNF:4
FNH:4
FNDA:14,calculate
FNDA:14,buildDesglose
FNDA:10,getIncendioRate
FNDA:70,round
DA:1,1
DA:2,1
DA:3,1
DA:4,1
DA:5,1
DA:6,1
DA:7,1
DA:8,1
DA:9,1
DA:10,14
DA:11,14
DA:12,14
DA:13,14
DA:14,14
DA:15,14
DA:16,14
DA:17,14
DA:18,14
DA:19,14
DA:20,14
DA:21,14
DA:22,14
DA:23,14
DA:24,14
DA:25,14
DA:26,14
DA:27,14
DA:28,14
DA:29,14
DA:30,14
DA:31,14
DA:32,14
DA:33,14
DA:34,14
DA:35,14
DA:36,14
DA:37,14
DA:38,14
DA:39,14
DA:40,14
DA:41,14
DA:42,1
DA:43,1
DA:44,14
DA:45,14
DA:46,14
DA:47,14
DA:48,14
DA:49,14
DA:50,14
DA:51,14
DA:52,10
DA:53,10
DA:54,10
DA:55,10
DA:56,10
DA:57,10
DA:58,14
DA:59,3
DA:60,3
DA:61,3
DA:62,3
DA:63,3
DA:64,4
DA:65,1
DA:66,1
DA:67,1
DA:68,1
DA:69,1
DA:70,1
DA:71,14
DA:72,14
DA:73,14
DA:74,14
DA:75,1
DA:76,1
DA:77,10
DA:78,10
DA:79,10
DA:80,10
DA:81,10
DA:82,10
DA:83,10
DA:84,10
DA:85,10
DA:86,10
DA:87,1
DA:88,1
DA:89,8
DA:90,10
DA:91,1
DA:92,1
DA:93,10
DA:94,1
DA:95,1
DA:96,70
DA:97,70
DA:98,70
LF:98
LH:98
BRDA:9,0,0,14
BRDA:13,1,0,15
BRDA:14,2,0,16
BRDA:16,3,0,16
BRDA:17,4,0,2
BRDA:23,5,0,14
BRDA:23,6,0,0
BRDA:32,7,0,14
BRDA:33,8,0,14
BRDA:43,9,0,14
BRDA:51,10,0,10
BRDA:52,11,0,0
BRDA:56,12,0,0
BRDA:58,13,0,4
BRDA:58,14,0,3
BRDA:62,15,0,1
BRDA:64,16,0,1
BRDA:68,17,0,0
BRDA:48,18,0,15
BRDA:55,19,0,11
BRDA:56,20,0,10
BRDA:61,21,0,4
BRDA:62,22,0,2
BRDA:67,23,0,1
BRDA:68,24,0,1
BRDA:76,25,0,10
BRDA:86,26,0,9
BRDA:86,27,0,1
BRDA:89,28,0,8
BRDA:90,29,0,1
BRDA:96,30,0,70
BRF:31
BRH:27
end_of_record
TN:
SF:src\utils\errors.ts
FN:6,AppError
FN:21,QuoteNotFoundError
FN:27,LocationNotFoundError
FN:37,VersionConflictError
FN:48,ValidationError
FN:54,MissingRequiredFieldError
FN:60,ExternalValidationError
FN:66,NoValidLocationsError
FN:77,NoCoverageSelectedError
FN:87,ObligatoryCoberturaCantBeDeselectedError
FN:98,InvalidQuoteStateTransitionError
FN:109,CatalogServiceUnavailableError
FNF:12
FNH:12
FNDA:75,AppError
FNDA:10,QuoteNotFoundError
FNDA:3,LocationNotFoundError
FNDA:12,VersionConflictError
FNDA:19,ValidationError
FNDA:4,MissingRequiredFieldError
FNDA:6,ExternalValidationError
FNDA:3,NoValidLocationsError
FNDA:2,NoCoverageSelectedError
FNDA:2,ObligatoryCoberturaCantBeDeselectedError
FNDA:1,InvalidQuoteStateTransitionError
FNDA:13,CatalogServiceUnavailableError
DA:1,1
DA:2,1
DA:3,1
DA:4,1
DA:5,1
DA:6,1
DA:7,75
DA:8,75
DA:9,75
DA:10,75
DA:11,75
DA:12,75
DA:13,75
DA:14,75
DA:15,75
DA:16,75
DA:17,75
DA:18,1
DA:19,1
DA:20,1
DA:21,1
DA:22,10
DA:23,10
DA:24,1
DA:25,1
DA:26,1
DA:27,1
DA:28,3
DA:29,3
DA:30,3
DA:31,3
DA:32,3
DA:33,3
DA:34,1
DA:35,1
DA:36,1
DA:37,1
DA:38,12
DA:39,12
DA:40,12
DA:41,12
DA:42,12
DA:43,12
DA:44,12
DA:45,1
DA:46,1
DA:47,1
DA:48,1
DA:49,19
DA:50,19
DA:51,1
DA:52,1
DA:53,1
DA:54,1
DA:55,4
DA:56,4
DA:57,1
DA:58,1
DA:59,1
DA:60,1
DA:61,6
DA:62,6
DA:63,1
DA:64,1
DA:65,1
DA:66,1
DA:67,3
DA:68,3
DA:69,3
DA:70,3
DA:71,3
DA:72,3
DA:73,3
DA:74,1
DA:75,1
DA:76,1
DA:77,1
DA:78,2
DA:79,2
DA:80,2
DA:81,2
DA:82,2
DA:83,2
DA:84,1
DA:85,1
DA:86,1
DA:87,1
DA:88,2
DA:89,2
DA:90,2
DA:91,2
DA:92,2
DA:93,2
DA:94,2
DA:95,1
DA:96,1
DA:97,1
DA:98,1
DA:99,1
DA:100,1
DA:101,1
DA:102,1
DA:103,1
DA:104,1
DA:105,1
DA:106,1
DA:107,1
DA:108,1
DA:109,1
DA:110,13
DA:111,13
DA:112,13
DA:113,13
DA:114,13
DA:115,13
DA:116,1
LF:116
LH:116
BRDA:6,0,0,75
BRDA:21,1,0,10
BRDA:27,2,0,3
BRDA:37,3,0,12
BRDA:48,4,0,19
BRDA:54,5,0,4
BRDA:60,6,0,6
BRDA:66,7,0,3
BRDA:77,8,0,2
BRDA:87,9,0,2
BRDA:98,10,0,1
BRDA:109,11,0,13
BRF:12
BRH:12
end_of_record
TN:
SF:src\utils\helpers.ts
FN:3,isValidRFC
FN:7,isValidISODate
FN:11,isPastDate
FN:17,isGeneralDataComplete
FN:30,advanceEstado
FNF:5
FNH:5
FNDA:8,isValidRFC
FNDA:15,isValidISODate
FNDA:8,isPastDate
FNDA:7,isGeneralDataComplete
FNDA:8,advanceEstado
DA:1,1
DA:2,1
DA:3,8
DA:4,8
DA:5,8
DA:6,1
DA:7,15
DA:8,15
DA:9,15
DA:10,1
DA:11,8
DA:12,8
DA:13,8
DA:14,8
DA:15,8
DA:16,1
DA:17,7
DA:18,7
DA:19,7
DA:20,7
DA:21,7
DA:22,7
DA:23,7
DA:24,7
DA:25,7
DA:26,3
DA:27,7
DA:28,7
DA:29,1
DA:30,8
DA:31,8
DA:32,8
DA:33,8
DA:34,8
DA:35,8
LF:35
LH:35
BRDA:3,0,0,8
BRDA:7,1,0,15
BRDA:8,2,0,10
BRDA:11,3,0,8
BRDA:17,4,0,7
BRDA:19,5,0,4
BRDA:20,6,0,4
BRDA:21,7,0,3
BRDA:22,8,0,3
BRDA:23,9,0,3
BRDA:24,10,0,3
BRDA:25,11,0,3
BRDA:30,12,0,8
BRDA:34,13,0,2
BRDA:34,14,0,6
BRF:15
BRH:15
end_of_record
